[debug] [2021-07-30T07:20:50.037Z] ----------------------------------------------------------------------
[debug] [2021-07-30T07:20:50.044Z] Command:       /usr/local/bin/node /usr/local/bin/firebase deploy
[debug] [2021-07-30T07:20:50.045Z] CLI Version:   9.16.0
[debug] [2021-07-30T07:20:50.045Z] Platform:      linux
[debug] [2021-07-30T07:20:50.046Z] Node Version:  v14.17.3
[debug] [2021-07-30T07:20:50.654Z] Time:          Fri Jul 30 2021 10:20:50 GMT+0300 (East Africa Time)
[debug] [2021-07-30T07:20:50.655Z] ----------------------------------------------------------------------
[debug] 
[debug] [2021-07-30T07:20:50.907Z] > command requires scopes: ["email","openid","https://www.googleapis.com/auth/cloudplatformprojects.readonly","https://www.googleapis.com/auth/firebase","https://www.googleapis.com/auth/cloud-platform"]
[debug] [2021-07-30T07:20:50.908Z] > authorizing via signed-in user (hkandy2000@gmail.com)
[debug] [2021-07-30T07:20:50.908Z] [iam] checking project travel-react-web for permissions ["firebase.projects.get","firebasehosting.sites.update"]
[debug] [2021-07-30T07:20:50.955Z] >>> HTTP REQUEST POST https://cloudresourcemanager.googleapis.com/v1/projects/travel-react-web:testIamPermissions  
 {"permissions":["firebase.projects.get","firebasehosting.sites.update"]}
[debug] [2021-07-30T07:21:04.439Z] <<< HTTP RESPONSE 200 {"content-type":"application/json; charset=UTF-8","vary":"X-Origin, Referer, Origin,Accept-Encoding","date":"Fri, 30 Jul 2021 07:21:04 GMT","server":"ESF","cache-control":"private","x-xss-protection":"0","x-frame-options":"SAMEORIGIN","x-content-type-options":"nosniff","server-timing":"gfet4t7; dur=1301","alt-svc":"h3=\":443\"; ma=2592000,h3-29=\":443\"; ma=2592000,h3-T051=\":443\"; ma=2592000,h3-Q050=\":443\"; ma=2592000,h3-Q046=\":443\"; ma=2592000,h3-Q043=\":443\"; ma=2592000,quic=\":443\"; ma=2592000; v=\"46,43\"","accept-ranges":"none","transfer-encoding":"chunked"}
[debug] [2021-07-30T07:21:04.445Z] > refreshing access token with scopes: []
[debug] [2021-07-30T07:21:04.446Z] >>> HTTP REQUEST POST https://www.googleapis.com/oauth2/v3/token  
 <request body omitted>
[debug] [2021-07-30T07:21:05.801Z] <<< HTTP RESPONSE 200 {"date":"Fri, 30 Jul 2021 07:21:05 GMT","cache-control":"no-cache, no-store, max-age=0, must-revalidate","pragma":"no-cache","expires":"Mon, 01 Jan 1990 00:00:00 GMT","content-type":"application/json; charset=utf-8","vary":"X-Origin, Referer, Origin,Accept-Encoding","server":"scaffolding on HTTPServer2","x-xss-protection":"0","x-frame-options":"SAMEORIGIN","x-content-type-options":"nosniff","alt-svc":"h3=\":443\"; ma=2592000,h3-29=\":443\"; ma=2592000,h3-T051=\":443\"; ma=2592000,h3-Q050=\":443\"; ma=2592000,h3-Q046=\":443\"; ma=2592000,h3-Q043=\":443\"; ma=2592000,quic=\":443\"; ma=2592000; v=\"46,43\"","accept-ranges":"none","transfer-encoding":"chunked"}
[debug] [2021-07-30T07:21:05.912Z] >>> [apiv2][query] GET https://firebase.googleapis.com/v1beta1/projects/travel-react-web [none]
[debug] [2021-07-30T07:21:21.970Z] Failed to make request to https://firebase.googleapis.com/v1beta1/projects/travel-react-web
[debug] [2021-07-30T07:21:28.342Z] FirebaseError: Failed to make request to https://firebase.googleapis.com/v1beta1/projects/travel-react-web
    at Client.doRequest (/usr/local/lib/node_modules/firebase-tools/lib/apiv2.js:211:19)
    at processTicksAndRejections (internal/process/task_queues.js:95:5)
    at async Client.request (/usr/local/lib/node_modules/firebase-tools/lib/apiv2.js:96:20)
    at async Object.getFirebaseProject (/usr/local/lib/node_modules/firebase-tools/lib/management/projects.js:290:21)
    at async Object.getDefaultHostingSite (/usr/local/lib/node_modules/firebase-tools/lib/getDefaultHostingSite.js:8:21)
    at async requireHostingSite (/usr/local/lib/node_modules/firebase-tools/lib/requireHostingSite.js:9:18)
    at async Object.fn (/usr/local/lib/node_modules/firebase-tools/lib/commands/deploy.js:65:9)
    at async /usr/local/lib/node_modules/firebase-tools/lib/command.js:169:17
[error] 
[error] Error: Failed to get Firebase project travel-react-web. Please make sure the project exists and your account has permission to access it.
